<?xml version="1.0" encoding="UTF-8"?>
<testng-results skipped="0" failed="0" total="1" passed="1">
  <reporter-output>
  </reporter-output>
  <suite name="Default suite" duration-ms="1072" started-at="2016-09-21T08:41:43Z" finished-at="2016-09-21T08:41:44Z">
    <groups>
    </groups>
    <test name="Default test" duration-ms="1072" started-at="2016-09-21T08:41:43Z" finished-at="2016-09-21T08:41:44Z">
      <class name="SearchAPITest">
        <test-method status="PASS" signature="testSearchMediaByMusicVideo()[pri:0, instance:SearchAPITest@3f9e9cbc]" name="testSearchMediaByMusicVideo" duration-ms="1046" started-at="2016-09-21T01:41:43Z" finished-at="2016-09-21T01:41:44Z">
          <reporter-output>
          </reporter-output>
        </test-method> <!-- testSearchMediaByMusicVideo -->
      </class> <!-- SearchAPITest -->
    </test> <!-- Default test -->
  </suite> <!-- Default suite -->
</testng-results>
